2026-06-03: Excluded 30 ARB_BOT wallets (Jan 12 2026 batch, 24-minute creation window)
ELO range: 1539-2006. Clusters: 8. Same operator as Dec 2025 cluster excluded 2026-05-06.
Detection method: identical geo_elo + geo_resolved_trades_count + realized_pnl across wallets created within 24 minutes.
Note: 30 wallets flagged (not 23 initially estimated) — 7 additional wallets matched on ELO+trade-count fingerprint
with slightly varying PnL, still confirmed same Jan 12 2026 creation batch (21:47-22:12 UTC).
Wallets also excluded in same session (pre-confirmed ARB_BOT): 3 wallets flagged 2026-06-03 before cluster scan.

2026-06-03: Excluded 225 ARB_BOT wallets across 3 batches:
  - 139 today's factory wallets (2026-06-03 12:15-12:32 UTC, baseline ELO 1500)
  - 85 May 17 factory wallets (2026-05-17 08:42-08:48 UTC, baseline ELO 1500; stored as 1500.0003)
  - 0x8e59d10d: perfect 336/336 YES/NO arb symmetry, 1674 markets, ELO 2187
Detection: Pattern A (identical metrics cluster) + Pattern C (symmetric arb)
Note: UPDATE 2 required ROUND(comprehensive_elo,2)=1500.0 — stored value is 1500.0003 (floating-point artifact).
Post-exclusion clean pool: 14,860 traders. WAL mode confirmed.

2026-06-03 (addendum): 3 Jan-12 wallets excluded (ARB_BOT — 1-market, Dec 2025 stop, factory first_seen). 0xf4034309 excluded (LP_ARTIFACT — near-symmetric market maker, 10 markets).

2026-06-05: 2 wallets excluded (ARB_BOT — Pattern B symmetric arb, <5% Yes/No asymmetry, ELO >= 1800, >100 distinct markets).
  0xa7a52fa6a446c6630711bdd923204fc634d037f8 — ELO 2574, PnL -$35, 69 long-yes / 66 long-no, 118 markets, active 2025-10-28 to 2026-05-30.
  0xf2836053a3c32df8af586a409abc6f936ef4da05 — ELO 2762, PnL +$288, 115 long-yes / 119 long-no, 109 markets, active 2026-04-15 to 2026-05-23 (fast-ramp).
  Two borderline wallets (0x2b02ff, 0xd96b9f) left unflagged — Pattern B threshold may need tightening to <3% to avoid false positives on legitimate market-makers.

2026-06-06 06:00 UTC: Pattern A — 2 ARB_BOT wallet(s) flagged (1 cluster)
  Wallet factory cluster: ELO=1774.62 trades=0 pnl=0.0 (2 wallets, 16.1min window, 2026-03-05 19:27:38–2026-03-05 19:43:44)
  Addresses: 0xbb9c165825e9f233d1f611b50b193fe94513072b, 0xe3282069bf386acedfa36e283826d8a362159f4a

2026-06-06 06:00 UTC: Pattern B — 1 ARB_BOT wallet(s) flagged (1 cluster)
  0x5cfd881133ff44d1f7b81ea8a819a30dfc39ca1b: 223/225 YES/NO symmetry, 544 markets, ELO 1908, pnl -178.27

2026-06-07 06:00 UTC: Pattern B — 4 ARB_BOT wallet(s) flagged (4 clusters)
  0xd5c591d0cbb9fc23424425d275c4d5ffa07abdac: 133/128 YES/NO symmetry, 499 markets, ELO 2550, pnl 189.19
  0xfe1002910af5e32b9f6e723711749cd039b695cb: 62/61 YES/NO symmetry, 141 markets, ELO 2550, pnl 807.24
  0xfe0e8609806dead758dec0fcb5f7c468e6e91d8b: 72/74 YES/NO symmetry, 201 markets, ELO 1950, pnl -7.43
  0x49459461e53957638a45df676946f559d67c3f00: 103/106 YES/NO symmetry, 674 markets, ELO 1800, pnl 6.34

2026-06-14 06:00 UTC: Pattern B — 1 ARB_BOT wallet(s) flagged (1 cluster)
  0xb9c89cbfae22840541f2d80a2b9deabf6b5039f7: 68/68 YES/NO symmetry, 410 markets, ELO 1800, pnl -10.49

2026-06-18 06:00 UTC: Pattern A — 2 ARB_BOT wallet(s) flagged (1 cluster)
  Wallet factory cluster: ELO=1382.33 trades=1 pnl=0.0 (2 wallets, 16.2min window, 2026-02-28 21:46:03–2026-02-28 22:02:12)
  Addresses: 0x09789b8b51146babd57e3e33b9376f3496f800e6, 0xd597dd2dd7cb5fa819534a61127df65dce326429

2026-06-18 06:00 UTC: Pattern B — 1 ARB_BOT wallet(s) flagged (1 cluster)
  0xa18d6c0786e00a1480181e9253e3ad23ebf3f38c: 64/61 YES/NO symmetry, 332 markets, ELO 1874, pnl -8642.24

2026-06-19 06:00 UTC: Pattern B — 2 ARB_BOT wallet(s) flagged (2 clusters)
  0xbeec21e909b8a1a7f19f13f57df244d36d78707b: 176/183 YES/NO symmetry, 988 markets, ELO 2359, pnl 416.49
  0x94d854eac206d57e7e349262b79cbd573eab37e6: 309/306 YES/NO symmetry, 785 markets, ELO 2284, pnl 461.59

2026-06-21 06:00 UTC: Pattern B — 2 ARB_BOT wallet(s) flagged (2 clusters)
  0x5f3ee9c40be255d1c18ca38bf4ab94b564c75337: 266/282 YES/NO symmetry, 544 markets, ELO 2548, pnl 227.26
  0xfaa306e03e1d9f1266bb63bc44c9f64fdccb71a8: 72/75 YES/NO symmetry, 256 markets, ELO 2016, pnl 6.04

2026-06-27 06:00 UTC: Pattern B — 3 ARB_BOT wallet(s) flagged (3 clusters)
  0x9c19dc76d51f6a627bd12dec9043458eb291ea4d: 76/76 YES/NO symmetry, 528 markets, ELO 1845, pnl 96.51
  0xab272e6842b25011615f1163589750d749e6ab66: 58/56 YES/NO symmetry, 147 markets, ELO 1830, pnl 84.24
  0xa27059724cad7211e4d75dc0647d173e0bbac45f: 77/77 YES/NO symmetry, 186 markets, ELO 1801, pnl 149.48

2026-07-08 06:00 UTC: Pattern B — 2 ARB_BOT wallet(s) flagged (2 clusters)
  0xfb99694be73501b69c46b3d5ae469a0375114dae: 53/51 YES/NO symmetry, 132 markets, ELO 3130, pnl -1657.85
  0x508722b289bcf4d24b98db183c514c8cea4c09be: 56/54 YES/NO symmetry, 101 markets, ELO 1815, pnl 288.30

2026-07-09 06:00 UTC: Pattern B — 3 ARB_BOT wallet(s) flagged (3 clusters)
  0x08bff07116d1f197f249088ef30f99a90a1e30b0: 80/76 YES/NO symmetry, 156 markets, ELO 2656, pnl 367.11
  0x5521dd6a400c0b399c04cd82f0ad939d5f2c442a: 108/114 YES/NO symmetry, 342 markets, ELO 1836, pnl -68.03
  0x566c2cf296a54c01dcec23e3e95200dd34593d03: 82/82 YES/NO symmetry, 219 markets, ELO 1800, pnl 37.60
